[01:22:32] [main/INFO] (FabricLoader/GameProvider) Loading Minecraft 1.20 with Fabric Loader 0.15.7
[01:22:33] [main/INFO] (FabricLoader) Loading 47 mods:
	- fabric-api 0.83.0+1.20
	- fabric-api-base 0.4.29+b04edc7a27
	- fabric-api-lookup-api-v1 1.6.34+4d8536c927
	- fabric-biome-api-v1 13.0.10+b3afc78b27
	- fabric-block-api-v1 1.0.9+e022e5d127
	- fabric-blockrenderlayer-v1 1.1.39+b3afc78b27
	- fabric-client-tags-api-v1 1.0.20+b3afc78b27
	- fabric-command-api-v2 2.2.11+b3afc78b27
	- fabric-content-registries-v0 4.0.7+b3afc78b27
	- fabric-convention-tags-v1 1.5.3+b3afc78b27
	- fabric-crash-report-info-v1 0.2.18+aeb40ebe27
	- fabric-data-generation-api-v1 12.1.10+b3afc78b27
	- fabric-dimensions-v1 2.1.51+b3afc78b27
	- fabric-entity-events-v1 1.5.21+b3afc78b27
	- fabric-events-interaction-v0 0.6.0+b3afc78b27
	- fabric-game-rule-api-v1 1.0.38+b04edc7a27
	- fabric-gametest-api-v1 1.2.10+b3afc78b27
	- fabric-item-api-v1 2.1.26+b3afc78b27
	- fabric-item-group-api-v1 4.0.7+b3afc78b27
	- fabric-key-binding-api-v1 1.0.36+fb8d95da27
	- fabric-lifecycle-events-v1 2.2.20+b3afc78b27
	- fabric-loot-api-v2 1.1.37+b3afc78b27
	- fabric-message-api-v1 5.1.6+b3afc78b27
	- fabric-mining-level-api-v1 2.1.47+b3afc78b27
	- fabric-models-v0 0.3.35+b3afc78b27
	- fabric-networking-api-v1 1.3.8+b3afc78b27
	- fabric-object-builder-api-v1 11.0.6+b3afc78b27
	- fabric-particles-v1 1.0.28+b3afc78b27
	- fabric-recipe-api-v1 1.0.18+b3afc78b27
	- fabric-registry-sync-v0 2.2.6+b3afc78b27
	- fabric-renderer-api-v1 3.0.1+b3afc78b27
	- fabric-renderer-indigo 1.3.1+b3afc78b27
	- fabric-rendering-data-attachment-v1 0.3.33+b3afc78b27
	- fabric-rendering-fluids-v1 3.0.26+b3afc78b27
	- fabric-rendering-v1 3.0.6+b3afc78b27
	- fabric-resource-conditions-api-v1 2.3.4+b3afc78b27
	- fabric-resource-loader-v0 0.11.7+f7923f6d27
	- fabric-screen-api-v1 2.0.6+b3afc78b27
	- fabric-screen-handler-api-v1 1.3.27+b3afc78b27
	- fabric-sound-api-v1 1.0.12+b3afc78b27
	- fabric-transfer-api-v1 3.2.2+b3afc78b27
	- fabric-transitive-access-wideners-v1 4.2.0+b3afc78b27
	- fabricloader 0.15.7
	- java 17
	- minecraft 1.20
	- mixinextras 0.3.5
	- moltenobsidiantools 1.0.1-1.20
[01:22:33] [main/INFO] (FabricLoader/Mixin) SpongePowered MIXIN Subsystem Version=0.8.5 Source=file:/C:/Users/edenj/.gradle/caches/modules-2/files-2.1/net.fabricmc/sponge-mixin/0.12.5+mixin.0.8.5/8d31fb97c3e0cd7c8dad3441851c523bcfae6d8e/sponge-mixin-0.12.5+mixin.0.8.5.jar Service=Knot/Fabric Env=CLIENT
[01:22:33] [main/INFO] (FabricLoader/Mixin) Loaded Fabric development mappings for mixin remapper!
[01:22:33] [main/INFO] (FabricLoader/Mixin) Compatibility level set to JAVA_16
[01:22:34] [main/INFO] (FabricLoader/Mixin) Compatibility level set to JAVA_17
[01:22:38] [main/INFO] (FabricLoader/MixinExtras|Service) Initializing MixinExtras via com.llamalad7.mixinextras.service.MixinExtrasServiceImpl(version=0.3.5).
[01:22:49] [Datafixer Bootstrap/INFO] (Minecraft) 188 Datafixer optimizations took 402 milliseconds
[01:22:55] [Render thread/INFO] (Minecraft) Environment: authHost='https://authserver.mojang.com', accountsHost='https://api.mojang.com', sessionHost='https://sessionserver.mojang.com', servicesHost='https://api.minecraftservices.com', name='PROD'
[01:22:56] [Render thread/ERROR] (Minecraft) Failed to verify authentication
com.mojang.authlib.exceptions.InvalidCredentialsException: Status: 401
	at com.mojang.authlib.exceptions.MinecraftClientHttpException.toAuthenticationException(MinecraftClientHttpException.java:56) ~[authlib-4.0.43.jar:?]
	at com.mojang.authlib.yggdrasil.YggdrasilUserApiService.fetchProperties(YggdrasilUserApiService.java:156) ~[authlib-4.0.43.jar:?]
	at com.mojang.authlib.yggdrasil.YggdrasilUserApiService.<init>(YggdrasilUserApiService.java:55) ~[authlib-4.0.43.jar:?]
	at com.mojang.authlib.yggdrasil.YggdrasilAuthenticationService.createUserApiService(YggdrasilAuthenticationService.java:124) ~[authlib-4.0.43.jar:?]
	at net.minecraft.client.MinecraftClient.createUserApiService(MinecraftClient.java:712) ~[minecraft-merged-66856f620e-1.20-net.fabricmc.yarn.1_20.1.20+build.1-v2.jar:?]
	at net.minecraft.client.MinecraftClient.<init>(MinecraftClient.java:507) ~[minecraft-merged-66856f620e-1.20-net.fabricmc.yarn.1_20.1.20+build.1-v2.jar:?]
	at net.minecraft.client.main.Main.main(Main.java:191) ~[minecraft-merged-66856f620e-1.20-net.fabricmc.yarn.1_20.1.20+build.1-v2.jar:?]
	at net.fabricmc.loader.impl.game.minecraft.MinecraftGameProvider.launch(MinecraftGameProvider.java:470) ~[fabric-loader-0.15.7.jar:?]
	at net.fabricmc.loader.impl.launch.knot.Knot.launch(Knot.java:74) ~[fabric-loader-0.15.7.jar:?]
	at net.fabricmc.loader.impl.launch.knot.KnotClient.main(KnotClient.java:23) ~[fabric-loader-0.15.7.jar:?]
	at net.fabricmc.devlaunchinjector.Main.main(Main.java:86) ~[dev-launch-injector-0.2.1+build.8.jar:?]
Caused by: com.mojang.authlib.exceptions.MinecraftClientHttpException: Status: 401
	at com.mojang.authlib.minecraft.client.MinecraftClient.readInputStream(MinecraftClient.java:85) ~[authlib-4.0.43.jar:?]
	at com.mojang.authlib.minecraft.client.MinecraftClient.get(MinecraftClient.java:48) ~[authlib-4.0.43.jar:?]
	at com.mojang.authlib.yggdrasil.YggdrasilUserApiService.fetchProperties(YggdrasilUserApiService.java:129) ~[authlib-4.0.43.jar:?]
	... 9 more
[01:22:56] [Render thread/INFO] (Minecraft) Setting user: Player936
[01:22:56] [Render thread/INFO] (moltenobsidiantools) Registering the Items for moltenobsidiantools
[01:22:56] [Render thread/INFO] (Indigo) [Indigo] Registering Indigo renderer!
[01:22:57] [Render thread/INFO] (Minecraft) Backend library: LWJGL version 3.3.1 SNAPSHOT
[01:23:02] [Render thread/INFO] (Minecraft) Reloading ResourceManager: vanilla, fabric (fabric-content-registries-v0, fabric-renderer-api-v1, fabric-sound-api-v1, fabric-api-lookup-api-v1, fabric-recipe-api-v1, fabric-game-rule-api-v1, fabric-entity-events-v1, fabric-models-v0, fabric-rendering-v1, fabric-loot-api-v2, fabricloader, fabric-client-tags-api-v1, moltenobsidiantools, fabric-biome-api-v1, fabric-item-api-v1, fabric-resource-loader-v0, fabric-networking-api-v1, fabric-api, fabric-particles-v1, fabric-transitive-access-wideners-v1, fabric-command-api-v2, fabric-screen-api-v1, fabric-rendering-fluids-v1, fabric-resource-conditions-api-v1, fabric-transfer-api-v1, fabric-block-api-v1, fabric-object-builder-api-v1, fabric-message-api-v1, fabric-dimensions-v1, fabric-lifecycle-events-v1, fabric-crash-report-info-v1, fabric-events-interaction-v0, fabric-key-binding-api-v1, fabric-rendering-data-attachment-v1, fabric-mining-level-api-v1, fabric-renderer-indigo, fabric-item-group-api-v1, fabric-screen-handler-api-v1, fabric-convention-tags-v1, fabric-api-base, fabric-gametest-api-v1, fabric-registry-sync-v0, fabric-data-generation-api-v1, fabric-blockrenderlayer-v1)
[01:23:03] [Worker-Main-3/INFO] (Minecraft) Found unifont_all_no_pua-15.0.06.hex, loading
[01:23:03] [Realms Notification Availability checker #1/INFO] (Minecraft) Could not authorize you against Realms server: Invalid session id
[01:23:05] [Worker-Main-4/WARN] (Minecraft) Unable to load model: 'moltenobsidiantools:reinforced_upgrade_template#inventory' referenced from: moltenobsidiantools:reinforced_upgrade_template#inventory: java.io.FileNotFoundException: moltenobsidiantools:models/item/reinforced_upgrade_template.json
[01:23:06] [Render thread/WARN] (Minecraft) Missing sound for event: minecraft:item.goat_horn.play
[01:23:06] [Render thread/WARN] (Minecraft) Missing sound for event: minecraft:entity.goat.screaming.horn_break
[01:23:06] [Render thread/INFO] (Minecraft) OpenAL initialized on device OpenAL Soft on VG245 (NVIDIA High Definition Audio)
[01:23:06] [Render thread/INFO] (Minecraft) Sound engine started
[01:23:07] [Render thread/INFO] (Minecraft) Created: 1024x512x4 minecraft:textures/atlas/blocks.png-atlas
[01:23:07] [Render thread/INFO] (Minecraft) Created: 256x256x4 minecraft:textures/atlas/signs.png-atlas
[01:23:07] [Render thread/INFO] (Minecraft) Created: 512x512x4 minecraft:textures/atlas/banner_patterns.png-atlas
[01:23:07] [Render thread/INFO] (Minecraft) Created: 512x512x4 minecraft:textures/atlas/shield_patterns.png-atlas
[01:23:07] [Render thread/INFO] (Minecraft) Created: 1024x1024x4 minecraft:textures/atlas/armor_trims.png-atlas
[01:23:07] [Render thread/INFO] (Minecraft) Created: 256x256x4 minecraft:textures/atlas/chest.png-atlas
[01:23:07] [Render thread/INFO] (Minecraft) Created: 128x64x4 minecraft:textures/atlas/decorated_pot.png-atlas
[01:23:07] [Render thread/INFO] (Minecraft) Created: 512x256x4 minecraft:textures/atlas/shulker_boxes.png-atlas
[01:23:07] [Render thread/INFO] (Minecraft) Created: 512x256x4 minecraft:textures/atlas/beds.png-atlas
[01:23:07] [Render thread/WARN] (Minecraft) Shader rendertype_entity_translucent_emissive could not find sampler named Sampler2 in the specified shader program.
[01:23:07] [Render thread/INFO] (Minecraft) Created: 256x256x0 minecraft:textures/atlas/particles.png-atlas
[01:23:08] [Render thread/INFO] (Minecraft) Created: 256x256x0 minecraft:textures/atlas/paintings.png-atlas
[01:23:08] [Render thread/INFO] (Minecraft) Created: 128x128x0 minecraft:textures/atlas/mob_effects.png-atlas
[01:23:42] [Render thread/ERROR] (Minecraft) Parsing error loading recipe moltenobsidiantools:reinforced_molten_obsidian_axe
com.google.gson.JsonParseException: An ingredient entry needs either a tag or an item
	at net.minecraft.recipe.Ingredient.entryFromJson(Ingredient.java:172) ~[minecraft-merged-66856f620e-1.20-net.fabricmc.yarn.1_20.1.20+build.1-v2.jar:?]
	at net.minecraft.recipe.Ingredient.fromJson(Ingredient.java:142) ~[minecraft-merged-66856f620e-1.20-net.fabricmc.yarn.1_20.1.20+build.1-v2.jar:?]
	at net.minecraft.recipe.Ingredient.fromJson(Ingredient.java:134) ~[minecraft-merged-66856f620e-1.20-net.fabricmc.yarn.1_20.1.20+build.1-v2.jar:?]
	at net.minecraft.recipe.SmithingTrimRecipe$Serializer.read(SmithingTrimRecipe.java:109) ~[minecraft-merged-66856f620e-1.20-net.fabricmc.yarn.1_20.1.20+build.1-v2.jar:?]
	at net.minecraft.recipe.SmithingTrimRecipe$Serializer.read(SmithingTrimRecipe.java:109) ~[minecraft-merged-66856f620e-1.20-net.fabricmc.yarn.1_20.1.20+build.1-v2.jar:?]
	at net.minecraft.recipe.RecipeManager.deserialize(RecipeManager.java:237) ~[minecraft-merged-66856f620e-1.20-net.fabricmc.yarn.1_20.1.20+build.1-v2.jar:?]
	at net.minecraft.recipe.RecipeManager.apply(RecipeManager.java:69) ~[minecraft-merged-66856f620e-1.20-net.fabricmc.yarn.1_20.1.20+build.1-v2.jar:?]
	at net.minecraft.recipe.RecipeManager.apply(RecipeManager.java:58) ~[minecraft-merged-66856f620e-1.20-net.fabricmc.yarn.1_20.1.20+build.1-v2.jar:?]
	at net.minecraft.resource.SinglePreparationResourceReloader.method_18790(SinglePreparationResourceReloader.java:23) ~[minecraft-merged-66856f620e-1.20-net.fabricmc.yarn.1_20.1.20+build.1-v2.jar:?]
	at java.util.concurrent.CompletableFuture$UniAccept.tryFire$$$capture(CompletableFuture.java:718) ~[?:?]
	at java.util.concurrent.CompletableFuture$UniAccept.tryFire(CompletableFuture.java) ~[?:?]
	at java.util.concurrent.CompletableFuture$Completion.run(CompletableFuture.java:482) ~[?:?]
	at net.minecraft.resource.SimpleResourceReload.method_18365(SimpleResourceReload.java:90) ~[minecraft-merged-66856f620e-1.20-net.fabricmc.yarn.1_20.1.20+build.1-v2.jar:?]
	at net.minecraft.util.thread.ThreadExecutor.executeTask(ThreadExecutor.java:149) ~[minecraft-merged-66856f620e-1.20-net.fabricmc.yarn.1_20.1.20+build.1-v2.jar:?]
	at net.minecraft.util.thread.ReentrantThreadExecutor.executeTask(ReentrantThreadExecutor.java:29) ~[minecraft-merged-66856f620e-1.20-net.fabricmc.yarn.1_20.1.20+build.1-v2.jar:?]
	at net.minecraft.util.thread.ThreadExecutor.runTask(ThreadExecutor.java:126) ~[minecraft-merged-66856f620e-1.20-net.fabricmc.yarn.1_20.1.20+build.1-v2.jar:?]
	at net.minecraft.util.thread.ThreadExecutor.runTasks(ThreadExecutor.java:134) ~[minecraft-merged-66856f620e-1.20-net.fabricmc.yarn.1_20.1.20+build.1-v2.jar:?]
	at net.minecraft.server.integrated.IntegratedServerLoader.load(IntegratedServerLoader.java:166) ~[minecraft-merged-66856f620e-1.20-net.fabricmc.yarn.1_20.1.20+build.1-v2.jar:?]
	at net.minecraft.server.integrated.IntegratedServerLoader.createSaveLoader(IntegratedServerLoader.java:119) ~[minecraft-merged-66856f620e-1.20-net.fabricmc.yarn.1_20.1.20+build.1-v2.jar:?]
	at net.minecraft.server.integrated.IntegratedServerLoader.start(IntegratedServerLoader.java:179) ~[minecraft-merged-66856f620e-1.20-net.fabricmc.yarn.1_20.1.20+build.1-v2.jar:?]
	at net.minecraft.server.integrated.IntegratedServerLoader.start(IntegratedServerLoader.java:72) ~[minecraft-merged-66856f620e-1.20-net.fabricmc.yarn.1_20.1.20+build.1-v2.jar:?]
	at net.minecraft.client.gui.screen.world.WorldListWidget$WorldEntry.start(WorldListWidget.java:237) ~[minecraft-merged-66856f620e-1.20-net.fabricmc.yarn.1_20.1.20+build.1-v2.jar:?]
	at net.minecraft.client.gui.screen.world.WorldListWidget$WorldEntry.play(WorldListWidget.java:237) ~[minecraft-merged-66856f620e-1.20-net.fabricmc.yarn.1_20.1.20+build.1-v2.jar:?]
	at net.minecraft.client.gui.screen.world.WorldListWidget$WorldEntry.mouseClicked(WorldListWidget.java:237) ~[minecraft-merged-66856f620e-1.20-net.fabricmc.yarn.1_20.1.20+build.1-v2.jar:?]
	at net.minecraft.client.gui.widget.EntryListWidget.mouseClicked(EntryListWidget.java:308) ~[minecraft-merged-66856f620e-1.20-net.fabricmc.yarn.1_20.1.20+build.1-v2.jar:?]
	at net.minecraft.client.gui.ParentElement.mouseClicked(ParentElement.java:50) ~[minecraft-merged-66856f620e-1.20-net.fabricmc.yarn.1_20.1.20+build.1-v2.jar:?]
	at net.minecraft.client.Mouse.method_1611(Mouse.java:94) ~[minecraft-merged-66856f620e-1.20-net.fabricmc.yarn.1_20.1.20+build.1-v2.jar:?]
	at net.minecraft.client.gui.screen.Screen.wrapScreenError(Screen.java:451) ~[minecraft-merged-66856f620e-1.20-net.fabricmc.yarn.1_20.1.20+build.1-v2.jar:?]
	at net.minecraft.client.Mouse.onMouseButton(Mouse.java:94) ~[minecraft-merged-66856f620e-1.20-net.fabricmc.yarn.1_20.1.20+build.1-v2.jar:?]
	at net.minecraft.client.Mouse.method_22686(Mouse.java:171) ~[minecraft-merged-66856f620e-1.20-net.fabricmc.yarn.1_20.1.20+build.1-v2.jar:?]
	at net.minecraft.util.thread.ThreadExecutor.execute(ThreadExecutor.java:101) ~[minecraft-merged-66856f620e-1.20-net.fabricmc.yarn.1_20.1.20+build.1-v2.jar:?]
	at net.minecraft.client.Mouse.method_22684(Mouse.java:171) ~[minecraft-merged-66856f620e-1.20-net.fabricmc.yarn.1_20.1.20+build.1-v2.jar:?]
	at org.lwjgl.glfw.GLFWMouseButtonCallbackI.callback(GLFWMouseButtonCallbackI.java:43) ~[lwjgl-glfw-3.3.1.jar:build 7]
	at org.lwjgl.system.JNI.invokeV(Native Method) ~[lwjgl-3.3.1.jar:build 7]
	at org.lwjgl.glfw.GLFW.glfwPollEvents(GLFW.java:3403) ~[lwjgl-glfw-3.3.1.jar:build 7]
	at com.mojang.blaze3d.systems.RenderSystem.pollEvents(RenderSystem.java:167) ~[minecraft-merged-66856f620e-1.20-net.fabricmc.yarn.1_20.1.20+build.1-v2.jar:?]
	at com.mojang.blaze3d.systems.RenderSystem.flipFrame(RenderSystem.java:180) ~[minecraft-merged-66856f620e-1.20-net.fabricmc.yarn.1_20.1.20+build.1-v2.jar:?]
	at net.minecraft.client.util.Window.swapBuffers(Window.java:275) ~[minecraft-merged-66856f620e-1.20-net.fabricmc.yarn.1_20.1.20+build.1-v2.jar:?]
	at net.minecraft.client.MinecraftClient.render(MinecraftClient.java:1142) ~[minecraft-merged-66856f620e-1.20-net.fabricmc.yarn.1_20.1.20+build.1-v2.jar:?]
	at net.minecraft.client.MinecraftClient.run(MinecraftClient.java:774) ~[minecraft-merged-66856f620e-1.20-net.fabricmc.yarn.1_20.1.20+build.1-v2.jar:?]
	at net.minecraft.client.main.Main.main(Main.java:223) ~[minecraft-merged-66856f620e-1.20-net.fabricmc.yarn.1_20.1.20+build.1-v2.jar:?]
	at net.fabricmc.loader.impl.game.minecraft.MinecraftGameProvider.launch(MinecraftGameProvider.java:470) ~[fabric-loader-0.15.7.jar:?]
	at net.fabricmc.loader.impl.launch.knot.Knot.launch(Knot.java:74) ~[fabric-loader-0.15.7.jar:?]
	at net.fabricmc.loader.impl.launch.knot.KnotClient.main(KnotClient.java:23) ~[fabric-loader-0.15.7.jar:?]
	at net.fabricmc.devlaunchinjector.Main.main(Main.java:86) ~[dev-launch-injector-0.2.1+build.8.jar:?]
[01:23:42] [Render thread/ERROR] (Minecraft) Parsing error loading recipe moltenobsidiantools:reinforced_molten_obsidian_hoe
com.google.gson.JsonParseException: An ingredient entry needs either a tag or an item
	at net.minecraft.recipe.Ingredient.entryFromJson(Ingredient.java:172) ~[minecraft-merged-66856f620e-1.20-net.fabricmc.yarn.1_20.1.20+build.1-v2.jar:?]
	at net.minecraft.recipe.Ingredient.fromJson(Ingredient.java:142) ~[minecraft-merged-66856f620e-1.20-net.fabricmc.yarn.1_20.1.20+build.1-v2.jar:?]
	at net.minecraft.recipe.Ingredient.fromJson(Ingredient.java:134) ~[minecraft-merged-66856f620e-1.20-net.fabricmc.yarn.1_20.1.20+build.1-v2.jar:?]
	at net.minecraft.recipe.SmithingTrimRecipe$Serializer.read(SmithingTrimRecipe.java:109) ~[minecraft-merged-66856f620e-1.20-net.fabricmc.yarn.1_20.1.20+build.1-v2.jar:?]
	at net.minecraft.recipe.SmithingTrimRecipe$Serializer.read(SmithingTrimRecipe.java:109) ~[minecraft-merged-66856f620e-1.20-net.fabricmc.yarn.1_20.1.20+build.1-v2.jar:?]
	at net.minecraft.recipe.RecipeManager.deserialize(RecipeManager.java:237) ~[minecraft-merged-66856f620e-1.20-net.fabricmc.yarn.1_20.1.20+build.1-v2.jar:?]
	at net.minecraft.recipe.RecipeManager.apply(RecipeManager.java:69) ~[minecraft-merged-66856f620e-1.20-net.fabricmc.yarn.1_20.1.20+build.1-v2.jar:?]
	at net.minecraft.recipe.RecipeManager.apply(RecipeManager.java:58) ~[minecraft-merged-66856f620e-1.20-net.fabricmc.yarn.1_20.1.20+build.1-v2.jar:?]
	at net.minecraft.resource.SinglePreparationResourceReloader.method_18790(SinglePreparationResourceReloader.java:23) ~[minecraft-merged-66856f620e-1.20-net.fabricmc.yarn.1_20.1.20+build.1-v2.jar:?]
	at java.util.concurrent.CompletableFuture$UniAccept.tryFire$$$capture(CompletableFuture.java:718) ~[?:?]
	at java.util.concurrent.CompletableFuture$UniAccept.tryFire(CompletableFuture.java) ~[?:?]
	at java.util.concurrent.CompletableFuture$Completion.run(CompletableFuture.java:482) ~[?:?]
	at net.minecraft.resource.SimpleResourceReload.method_18365(SimpleResourceReload.java:90) ~[minecraft-merged-66856f620e-1.20-net.fabricmc.yarn.1_20.1.20+build.1-v2.jar:?]
	at net.minecraft.util.thread.ThreadExecutor.executeTask(ThreadExecutor.java:149) ~[minecraft-merged-66856f620e-1.20-net.fabricmc.yarn.1_20.1.20+build.1-v2.jar:?]
	at net.minecraft.util.thread.ReentrantThreadExecutor.executeTask(ReentrantThreadExecutor.java:29) ~[minecraft-merged-66856f620e-1.20-net.fabricmc.yarn.1_20.1.20+build.1-v2.jar:?]
	at net.minecraft.util.thread.ThreadExecutor.runTask(ThreadExecutor.java:126) ~[minecraft-merged-66856f620e-1.20-net.fabricmc.yarn.1_20.1.20+build.1-v2.jar:?]
	at net.minecraft.util.thread.ThreadExecutor.runTasks(ThreadExecutor.java:134) ~[minecraft-merged-66856f620e-1.20-net.fabricmc.yarn.1_20.1.20+build.1-v2.jar:?]
	at net.minecraft.server.integrated.IntegratedServerLoader.load(IntegratedServerLoader.java:166) ~[minecraft-merged-66856f620e-1.20-net.fabricmc.yarn.1_20.1.20+build.1-v2.jar:?]
	at net.minecraft.server.integrated.IntegratedServerLoader.createSaveLoader(IntegratedServerLoader.java:119) ~[minecraft-merged-66856f620e-1.20-net.fabricmc.yarn.1_20.1.20+build.1-v2.jar:?]
	at net.minecraft.server.integrated.IntegratedServerLoader.start(IntegratedServerLoader.java:179) ~[minecraft-merged-66856f620e-1.20-net.fabricmc.yarn.1_20.1.20+build.1-v2.jar:?]
	at net.minecraft.server.integrated.IntegratedServerLoader.start(IntegratedServerLoader.java:72) ~[minecraft-merged-66856f620e-1.20-net.fabricmc.yarn.1_20.1.20+build.1-v2.jar:?]
	at net.minecraft.client.gui.screen.world.WorldListWidget$WorldEntry.start(WorldListWidget.java:237) ~[minecraft-merged-66856f620e-1.20-net.fabricmc.yarn.1_20.1.20+build.1-v2.jar:?]
	at net.minecraft.client.gui.screen.world.WorldListWidget$WorldEntry.play(WorldListWidget.java:237) ~[minecraft-merged-66856f620e-1.20-net.fabricmc.yarn.1_20.1.20+build.1-v2.jar:?]
	at net.minecraft.client.gui.screen.world.WorldListWidget$WorldEntry.mouseClicked(WorldListWidget.java:237) ~[minecraft-merged-66856f620e-1.20-net.fabricmc.yarn.1_20.1.20+build.1-v2.jar:?]
	at net.minecraft.client.gui.widget.EntryListWidget.mouseClicked(EntryListWidget.java:308) ~[minecraft-merged-66856f620e-1.20-net.fabricmc.yarn.1_20.1.20+build.1-v2.jar:?]
	at net.minecraft.client.gui.ParentElement.mouseClicked(ParentElement.java:50) ~[minecraft-merged-66856f620e-1.20-net.fabricmc.yarn.1_20.1.20+build.1-v2.jar:?]
	at net.minecraft.client.Mouse.method_1611(Mouse.java:94) ~[minecraft-merged-66856f620e-1.20-net.fabricmc.yarn.1_20.1.20+build.1-v2.jar:?]
	at net.minecraft.client.gui.screen.Screen.wrapScreenError(Screen.java:451) ~[minecraft-merged-66856f620e-1.20-net.fabricmc.yarn.1_20.1.20+build.1-v2.jar:?]
	at net.minecraft.client.Mouse.onMouseButton(Mouse.java:94) ~[minecraft-merged-66856f620e-1.20-net.fabricmc.yarn.1_20.1.20+build.1-v2.jar:?]
	at net.minecraft.client.Mouse.method_22686(Mouse.java:171) ~[minecraft-merged-66856f620e-1.20-net.fabricmc.yarn.1_20.1.20+build.1-v2.jar:?]
	at net.minecraft.util.thread.ThreadExecutor.execute(ThreadExecutor.java:101) ~[minecraft-merged-66856f620e-1.20-net.fabricmc.yarn.1_20.1.20+build.1-v2.jar:?]
	at net.minecraft.client.Mouse.method_22684(Mouse.java:171) ~[minecraft-merged-66856f620e-1.20-net.fabricmc.yarn.1_20.1.20+build.1-v2.jar:?]
	at org.lwjgl.glfw.GLFWMouseButtonCallbackI.callback(GLFWMouseButtonCallbackI.java:43) ~[lwjgl-glfw-3.3.1.jar:build 7]
	at org.lwjgl.system.JNI.invokeV(Native Method) ~[lwjgl-3.3.1.jar:build 7]
	at org.lwjgl.glfw.GLFW.glfwPollEvents(GLFW.java:3403) ~[lwjgl-glfw-3.3.1.jar:build 7]
	at com.mojang.blaze3d.systems.RenderSystem.pollEvents(RenderSystem.java:167) ~[minecraft-merged-66856f620e-1.20-net.fabricmc.yarn.1_20.1.20+build.1-v2.jar:?]
	at com.mojang.blaze3d.systems.RenderSystem.flipFrame(RenderSystem.java:180) ~[minecraft-merged-66856f620e-1.20-net.fabricmc.yarn.1_20.1.20+build.1-v2.jar:?]
	at net.minecraft.client.util.Window.swapBuffers(Window.java:275) ~[minecraft-merged-66856f620e-1.20-net.fabricmc.yarn.1_20.1.20+build.1-v2.jar:?]
	at net.minecraft.client.MinecraftClient.render(MinecraftClient.java:1142) ~[minecraft-merged-66856f620e-1.20-net.fabricmc.yarn.1_20.1.20+build.1-v2.jar:?]
	at net.minecraft.client.MinecraftClient.run(MinecraftClient.java:774) ~[minecraft-merged-66856f620e-1.20-net.fabricmc.yarn.1_20.1.20+build.1-v2.jar:?]
	at net.minecraft.client.main.Main.main(Main.java:223) ~[minecraft-merged-66856f620e-1.20-net.fabricmc.yarn.1_20.1.20+build.1-v2.jar:?]
	at net.fabricmc.loader.impl.game.minecraft.MinecraftGameProvider.launch(MinecraftGameProvider.java:470) ~[fabric-loader-0.15.7.jar:?]
	at net.fabricmc.loader.impl.launch.knot.Knot.launch(Knot.java:74) ~[fabric-loader-0.15.7.jar:?]
	at net.fabricmc.loader.impl.launch.knot.KnotClient.main(KnotClient.java:23) ~[fabric-loader-0.15.7.jar:?]
	at net.fabricmc.devlaunchinjector.Main.main(Main.java:86) ~[dev-launch-injector-0.2.1+build.8.jar:?]
[01:23:42] [Render thread/ERROR] (Minecraft) Parsing error loading recipe moltenobsidiantools:reinforced_molten_obsidian_shovel
com.google.gson.JsonParseException: An ingredient entry needs either a tag or an item
	at net.minecraft.recipe.Ingredient.entryFromJson(Ingredient.java:172) ~[minecraft-merged-66856f620e-1.20-net.fabricmc.yarn.1_20.1.20+build.1-v2.jar:?]
	at net.minecraft.recipe.Ingredient.fromJson(Ingredient.java:142) ~[minecraft-merged-66856f620e-1.20-net.fabricmc.yarn.1_20.1.20+build.1-v2.jar:?]
	at net.minecraft.recipe.Ingredient.fromJson(Ingredient.java:134) ~[minecraft-merged-66856f620e-1.20-net.fabricmc.yarn.1_20.1.20+build.1-v2.jar:?]
	at net.minecraft.recipe.SmithingTrimRecipe$Serializer.read(SmithingTrimRecipe.java:109) ~[minecraft-merged-66856f620e-1.20-net.fabricmc.yarn.1_20.1.20+build.1-v2.jar:?]
	at net.minecraft.recipe.SmithingTrimRecipe$Serializer.read(SmithingTrimRecipe.java:109) ~[minecraft-merged-66856f620e-1.20-net.fabricmc.yarn.1_20.1.20+build.1-v2.jar:?]
	at net.minecraft.recipe.RecipeManager.deserialize(RecipeManager.java:237) ~[minecraft-merged-66856f620e-1.20-net.fabricmc.yarn.1_20.1.20+build.1-v2.jar:?]
	at net.minecraft.recipe.RecipeManager.apply(RecipeManager.java:69) ~[minecraft-merged-66856f620e-1.20-net.fabricmc.yarn.1_20.1.20+build.1-v2.jar:?]
	at net.minecraft.recipe.RecipeManager.apply(RecipeManager.java:58) ~[minecraft-merged-66856f620e-1.20-net.fabricmc.yarn.1_20.1.20+build.1-v2.jar:?]
	at net.minecraft.resource.SinglePreparationResourceReloader.method_18790(SinglePreparationResourceReloader.java:23) ~[minecraft-merged-66856f620e-1.20-net.fabricmc.yarn.1_20.1.20+build.1-v2.jar:?]
	at java.util.concurrent.CompletableFuture$UniAccept.tryFire$$$capture(CompletableFuture.java:718) ~[?:?]
	at java.util.concurrent.CompletableFuture$UniAccept.tryFire(CompletableFuture.java) ~[?:?]
	at java.util.concurrent.CompletableFuture$Completion.run(CompletableFuture.java:482) ~[?:?]
	at net.minecraft.resource.SimpleResourceReload.method_18365(SimpleResourceReload.java:90) ~[minecraft-merged-66856f620e-1.20-net.fabricmc.yarn.1_20.1.20+build.1-v2.jar:?]
	at net.minecraft.util.thread.ThreadExecutor.executeTask(ThreadExecutor.java:149) ~[minecraft-merged-66856f620e-1.20-net.fabricmc.yarn.1_20.1.20+build.1-v2.jar:?]
	at net.minecraft.util.thread.ReentrantThreadExecutor.executeTask(ReentrantThreadExecutor.java:29) ~[minecraft-merged-66856f620e-1.20-net.fabricmc.yarn.1_20.1.20+build.1-v2.jar:?]
	at net.minecraft.util.thread.ThreadExecutor.runTask(ThreadExecutor.java:126) ~[minecraft-merged-66856f620e-1.20-net.fabricmc.yarn.1_20.1.20+build.1-v2.jar:?]
	at net.minecraft.util.thread.ThreadExecutor.runTasks(ThreadExecutor.java:134) ~[minecraft-merged-66856f620e-1.20-net.fabricmc.yarn.1_20.1.20+build.1-v2.jar:?]
	at net.minecraft.server.integrated.IntegratedServerLoader.load(IntegratedServerLoader.java:166) ~[minecraft-merged-66856f620e-1.20-net.fabricmc.yarn.1_20.1.20+build.1-v2.jar:?]
	at net.minecraft.server.integrated.IntegratedServerLoader.createSaveLoader(IntegratedServerLoader.java:119) ~[minecraft-merged-66856f620e-1.20-net.fabricmc.yarn.1_20.1.20+build.1-v2.jar:?]
	at net.minecraft.server.integrated.IntegratedServerLoader.start(IntegratedServerLoader.java:179) ~[minecraft-merged-66856f620e-1.20-net.fabricmc.yarn.1_20.1.20+build.1-v2.jar:?]
	at net.minecraft.server.integrated.IntegratedServerLoader.start(IntegratedServerLoader.java:72) ~[minecraft-merged-66856f620e-1.20-net.fabricmc.yarn.1_20.1.20+build.1-v2.jar:?]
	at net.minecraft.client.gui.screen.world.WorldListWidget$WorldEntry.start(WorldListWidget.java:237) ~[minecraft-merged-66856f620e-1.20-net.fabricmc.yarn.1_20.1.20+build.1-v2.jar:?]
	at net.minecraft.client.gui.screen.world.WorldListWidget$WorldEntry.play(WorldListWidget.java:237) ~[minecraft-merged-66856f620e-1.20-net.fabricmc.yarn.1_20.1.20+build.1-v2.jar:?]
	at net.minecraft.client.gui.screen.world.WorldListWidget$WorldEntry.mouseClicked(WorldListWidget.java:237) ~[minecraft-merged-66856f620e-1.20-net.fabricmc.yarn.1_20.1.20+build.1-v2.jar:?]
	at net.minecraft.client.gui.widget.EntryListWidget.mouseClicked(EntryListWidget.java:308) ~[minecraft-merged-66856f620e-1.20-net.fabricmc.yarn.1_20.1.20+build.1-v2.jar:?]
	at net.minecraft.client.gui.ParentElement.mouseClicked(ParentElement.java:50) ~[minecraft-merged-66856f620e-1.20-net.fabricmc.yarn.1_20.1.20+build.1-v2.jar:?]
	at net.minecraft.client.Mouse.method_1611(Mouse.java:94) ~[minecraft-merged-66856f620e-1.20-net.fabricmc.yarn.1_20.1.20+build.1-v2.jar:?]
	at net.minecraft.client.gui.screen.Screen.wrapScreenError(Screen.java:451) ~[minecraft-merged-66856f620e-1.20-net.fabricmc.yarn.1_20.1.20+build.1-v2.jar:?]
	at net.minecraft.client.Mouse.onMouseButton(Mouse.java:94) ~[minecraft-merged-66856f620e-1.20-net.fabricmc.yarn.1_20.1.20+build.1-v2.jar:?]
	at net.minecraft.client.Mouse.method_22686(Mouse.java:171) ~[minecraft-merged-66856f620e-1.20-net.fabricmc.yarn.1_20.1.20+build.1-v2.jar:?]
	at net.minecraft.util.thread.ThreadExecutor.execute(ThreadExecutor.java:101) ~[minecraft-merged-66856f620e-1.20-net.fabricmc.yarn.1_20.1.20+build.1-v2.jar:?]
	at net.minecraft.client.Mouse.method_22684(Mouse.java:171) ~[minecraft-merged-66856f620e-1.20-net.fabricmc.yarn.1_20.1.20+build.1-v2.jar:?]
	at org.lwjgl.glfw.GLFWMouseButtonCallbackI.callback(GLFWMouseButtonCallbackI.java:43) ~[lwjgl-glfw-3.3.1.jar:build 7]
	at org.lwjgl.system.JNI.invokeV(Native Method) ~[lwjgl-3.3.1.jar:build 7]
	at org.lwjgl.glfw.GLFW.glfwPollEvents(GLFW.java:3403) ~[lwjgl-glfw-3.3.1.jar:build 7]
	at com.mojang.blaze3d.systems.RenderSystem.pollEvents(RenderSystem.java:167) ~[minecraft-merged-66856f620e-1.20-net.fabricmc.yarn.1_20.1.20+build.1-v2.jar:?]
	at com.mojang.blaze3d.systems.RenderSystem.flipFrame(RenderSystem.java:180) ~[minecraft-merged-66856f620e-1.20-net.fabricmc.yarn.1_20.1.20+build.1-v2.jar:?]
	at net.minecraft.client.util.Window.swapBuffers(Window.java:275) ~[minecraft-merged-66856f620e-1.20-net.fabricmc.yarn.1_20.1.20+build.1-v2.jar:?]
	at net.minecraft.client.MinecraftClient.render(MinecraftClient.java:1142) ~[minecraft-merged-66856f620e-1.20-net.fabricmc.yarn.1_20.1.20+build.1-v2.jar:?]
	at net.minecraft.client.MinecraftClient.run(MinecraftClient.java:774) ~[minecraft-merged-66856f620e-1.20-net.fabricmc.yarn.1_20.1.20+build.1-v2.jar:?]
	at net.minecraft.client.main.Main.main(Main.java:223) ~[minecraft-merged-66856f620e-1.20-net.fabricmc.yarn.1_20.1.20+build.1-v2.jar:?]
	at net.fabricmc.loader.impl.game.minecraft.MinecraftGameProvider.launch(MinecraftGameProvider.java:470) ~[fabric-loader-0.15.7.jar:?]
	at net.fabricmc.loader.impl.launch.knot.Knot.launch(Knot.java:74) ~[fabric-loader-0.15.7.jar:?]
	at net.fabricmc.loader.impl.launch.knot.KnotClient.main(KnotClient.java:23) ~[fabric-loader-0.15.7.jar:?]
	at net.fabricmc.devlaunchinjector.Main.main(Main.java:86) ~[dev-launch-injector-0.2.1+build.8.jar:?]
[01:23:42] [Render thread/ERROR] (Minecraft) Parsing error loading recipe moltenobsidiantools:reinforced_molten_obsidian_pickaxe
com.google.gson.JsonParseException: An ingredient entry needs either a tag or an item
	at net.minecraft.recipe.Ingredient.entryFromJson(Ingredient.java:172) ~[minecraft-merged-66856f620e-1.20-net.fabricmc.yarn.1_20.1.20+build.1-v2.jar:?]
	at net.minecraft.recipe.Ingredient.fromJson(Ingredient.java:142) ~[minecraft-merged-66856f620e-1.20-net.fabricmc.yarn.1_20.1.20+build.1-v2.jar:?]
	at net.minecraft.recipe.Ingredient.fromJson(Ingredient.java:134) ~[minecraft-merged-66856f620e-1.20-net.fabricmc.yarn.1_20.1.20+build.1-v2.jar:?]
	at net.minecraft.recipe.SmithingTrimRecipe$Serializer.read(SmithingTrimRecipe.java:109) ~[minecraft-merged-66856f620e-1.20-net.fabricmc.yarn.1_20.1.20+build.1-v2.jar:?]
	at net.minecraft.recipe.SmithingTrimRecipe$Serializer.read(SmithingTrimRecipe.java:109) ~[minecraft-merged-66856f620e-1.20-net.fabricmc.yarn.1_20.1.20+build.1-v2.jar:?]
	at net.minecraft.recipe.RecipeManager.deserialize(RecipeManager.java:237) ~[minecraft-merged-66856f620e-1.20-net.fabricmc.yarn.1_20.1.20+build.1-v2.jar:?]
	at net.minecraft.recipe.RecipeManager.apply(RecipeManager.java:69) ~[minecraft-merged-66856f620e-1.20-net.fabricmc.yarn.1_20.1.20+build.1-v2.jar:?]
	at net.minecraft.recipe.RecipeManager.apply(RecipeManager.java:58) ~[minecraft-merged-66856f620e-1.20-net.fabricmc.yarn.1_20.1.20+build.1-v2.jar:?]
	at net.minecraft.resource.SinglePreparationResourceReloader.method_18790(SinglePreparationResourceReloader.java:23) ~[minecraft-merged-66856f620e-1.20-net.fabricmc.yarn.1_20.1.20+build.1-v2.jar:?]
	at java.util.concurrent.CompletableFuture$UniAccept.tryFire$$$capture(CompletableFuture.java:718) ~[?:?]
	at java.util.concurrent.CompletableFuture$UniAccept.tryFire(CompletableFuture.java) ~[?:?]
	at java.util.concurrent.CompletableFuture$Completion.run(CompletableFuture.java:482) ~[?:?]
	at net.minecraft.resource.SimpleResourceReload.method_18365(SimpleResourceReload.java:90) ~[minecraft-merged-66856f620e-1.20-net.fabricmc.yarn.1_20.1.20+build.1-v2.jar:?]
	at net.minecraft.util.thread.ThreadExecutor.executeTask(ThreadExecutor.java:149) ~[minecraft-merged-66856f620e-1.20-net.fabricmc.yarn.1_20.1.20+build.1-v2.jar:?]
	at net.minecraft.util.thread.ReentrantThreadExecutor.executeTask(ReentrantThreadExecutor.java:29) ~[minecraft-merged-66856f620e-1.20-net.fabricmc.yarn.1_20.1.20+build.1-v2.jar:?]
	at net.minecraft.util.thread.ThreadExecutor.runTask(ThreadExecutor.java:126) ~[minecraft-merged-66856f620e-1.20-net.fabricmc.yarn.1_20.1.20+build.1-v2.jar:?]
	at net.minecraft.util.thread.ThreadExecutor.runTasks(ThreadExecutor.java:134) ~[minecraft-merged-66856f620e-1.20-net.fabricmc.yarn.1_20.1.20+build.1-v2.jar:?]
	at net.minecraft.server.integrated.IntegratedServerLoader.load(IntegratedServerLoader.java:166) ~[minecraft-merged-66856f620e-1.20-net.fabricmc.yarn.1_20.1.20+build.1-v2.jar:?]
	at net.minecraft.server.integrated.IntegratedServerLoader.createSaveLoader(IntegratedServerLoader.java:119) ~[minecraft-merged-66856f620e-1.20-net.fabricmc.yarn.1_20.1.20+build.1-v2.jar:?]
	at net.minecraft.server.integrated.IntegratedServerLoader.start(IntegratedServerLoader.java:179) ~[minecraft-merged-66856f620e-1.20-net.fabricmc.yarn.1_20.1.20+build.1-v2.jar:?]
	at net.minecraft.server.integrated.IntegratedServerLoader.start(IntegratedServerLoader.java:72) ~[minecraft-merged-66856f620e-1.20-net.fabricmc.yarn.1_20.1.20+build.1-v2.jar:?]
	at net.minecraft.client.gui.screen.world.WorldListWidget$WorldEntry.start(WorldListWidget.java:237) ~[minecraft-merged-66856f620e-1.20-net.fabricmc.yarn.1_20.1.20+build.1-v2.jar:?]
	at net.minecraft.client.gui.screen.world.WorldListWidget$WorldEntry.play(WorldListWidget.java:237) ~[minecraft-merged-66856f620e-1.20-net.fabricmc.yarn.1_20.1.20+build.1-v2.jar:?]
	at net.minecraft.client.gui.screen.world.WorldListWidget$WorldEntry.mouseClicked(WorldListWidget.java:237) ~[minecraft-merged-66856f620e-1.20-net.fabricmc.yarn.1_20.1.20+build.1-v2.jar:?]
	at net.minecraft.client.gui.widget.EntryListWidget.mouseClicked(EntryListWidget.java:308) ~[minecraft-merged-66856f620e-1.20-net.fabricmc.yarn.1_20.1.20+build.1-v2.jar:?]
	at net.minecraft.client.gui.ParentElement.mouseClicked(ParentElement.java:50) ~[minecraft-merged-66856f620e-1.20-net.fabricmc.yarn.1_20.1.20+build.1-v2.jar:?]
	at net.minecraft.client.Mouse.method_1611(Mouse.java:94) ~[minecraft-merged-66856f620e-1.20-net.fabricmc.yarn.1_20.1.20+build.1-v2.jar:?]
	at net.minecraft.client.gui.screen.Screen.wrapScreenError(Screen.java:451) ~[minecraft-merged-66856f620e-1.20-net.fabricmc.yarn.1_20.1.20+build.1-v2.jar:?]
	at net.minecraft.client.Mouse.onMouseButton(Mouse.java:94) ~[minecraft-merged-66856f620e-1.20-net.fabricmc.yarn.1_20.1.20+build.1-v2.jar:?]
	at net.minecraft.client.Mouse.method_22686(Mouse.java:171) ~[minecraft-merged-66856f620e-1.20-net.fabricmc.yarn.1_20.1.20+build.1-v2.jar:?]
	at net.minecraft.util.thread.ThreadExecutor.execute(ThreadExecutor.java:101) ~[minecraft-merged-66856f620e-1.20-net.fabricmc.yarn.1_20.1.20+build.1-v2.jar:?]
	at net.minecraft.client.Mouse.method_22684(Mouse.java:171) ~[minecraft-merged-66856f620e-1.20-net.fabricmc.yarn.1_20.1.20+build.1-v2.jar:?]
	at org.lwjgl.glfw.GLFWMouseButtonCallbackI.callback(GLFWMouseButtonCallbackI.java:43) ~[lwjgl-glfw-3.3.1.jar:build 7]
	at org.lwjgl.system.JNI.invokeV(Native Method) ~[lwjgl-3.3.1.jar:build 7]
	at org.lwjgl.glfw.GLFW.glfwPollEvents(GLFW.java:3403) ~[lwjgl-glfw-3.3.1.jar:build 7]
	at com.mojang.blaze3d.systems.RenderSystem.pollEvents(RenderSystem.java:167) ~[minecraft-merged-66856f620e-1.20-net.fabricmc.yarn.1_20.1.20+build.1-v2.jar:?]
	at com.mojang.blaze3d.systems.RenderSystem.flipFrame(RenderSystem.java:180) ~[minecraft-merged-66856f620e-1.20-net.fabricmc.yarn.1_20.1.20+build.1-v2.jar:?]
	at net.minecraft.client.util.Window.swapBuffers(Window.java:275) ~[minecraft-merged-66856f620e-1.20-net.fabricmc.yarn.1_20.1.20+build.1-v2.jar:?]
	at net.minecraft.client.MinecraftClient.render(MinecraftClient.java:1142) ~[minecraft-merged-66856f620e-1.20-net.fabricmc.yarn.1_20.1.20+build.1-v2.jar:?]
	at net.minecraft.client.MinecraftClient.run(MinecraftClient.java:774) ~[minecraft-merged-66856f620e-1.20-net.fabricmc.yarn.1_20.1.20+build.1-v2.jar:?]
	at net.minecraft.client.main.Main.main(Main.java:223) ~[minecraft-merged-66856f620e-1.20-net.fabricmc.yarn.1_20.1.20+build.1-v2.jar:?]
	at net.fabricmc.loader.impl.game.minecraft.MinecraftGameProvider.launch(MinecraftGameProvider.java:470) ~[fabric-loader-0.15.7.jar:?]
	at net.fabricmc.loader.impl.launch.knot.Knot.launch(Knot.java:74) ~[fabric-loader-0.15.7.jar:?]
	at net.fabricmc.loader.impl.launch.knot.KnotClient.main(KnotClient.java:23) ~[fabric-loader-0.15.7.jar:?]
	at net.fabricmc.devlaunchinjector.Main.main(Main.java:86) ~[dev-launch-injector-0.2.1+build.8.jar:?]
[01:23:42] [Render thread/INFO] (Minecraft) Loaded 7 recipes
[01:23:42] [Render thread/INFO] (Minecraft) Loaded 1271 advancements
[01:23:43] [Render thread/INFO] (BiomeModificationImpl) Applied 0 biome modifications to 0 of 64 new biomes in 3.846 ms
[01:23:43] [Server thread/INFO] (Minecraft) Starting integrated minecraft server version 1.20
[01:23:43] [Server thread/INFO] (Minecraft) Generating keypair
[01:23:44] [Server thread/INFO] (Minecraft) Preparing start region for dimension minecraft:overworld
[01:23:48] [Render thread/INFO] (Minecraft) Preparing spawn area: 0%
[01:23:48] [Render thread/INFO] (Minecraft) Preparing spawn area: 0%
[01:23:48] [Render thread/INFO] (Minecraft) Preparing spawn area: 0%
[01:23:48] [Render thread/INFO] (Minecraft) Preparing spawn area: 0%
[01:23:48] [Render thread/INFO] (Minecraft) Preparing spawn area: 0%
[01:23:48] [Render thread/INFO] (Minecraft) Preparing spawn area: 0%
[01:23:48] [Render thread/INFO] (Minecraft) Preparing spawn area: 0%
[01:23:48] [Render thread/INFO] (Minecraft) Preparing spawn area: 0%
[01:23:48] [Render thread/INFO] (Minecraft) Preparing spawn area: 0%
[01:23:49] [Render thread/INFO] (Minecraft) Preparing spawn area: 4%
[01:23:49] [Render thread/INFO] (Minecraft) Preparing spawn area: 16%
[01:23:50] [Render thread/INFO] (Minecraft) Time elapsed: 5468 ms
[01:23:52] [Server thread/INFO] (Minecraft) Changing view distance to 3, from 10
[01:23:52] [Server thread/INFO] (Minecraft) Changing simulation distance to 5, from 0
[01:23:52] [Server thread/WARN] (Minecraft) Can't keep up! Is the server overloaded? Running 2573ms or 51 ticks behind
[01:23:55] [Server thread/INFO] (Minecraft) Player936[local:E:1c7541e8] logged in with entity id 13 at (-6.4625579915721545, -59.0, -3.7002561637033557)
[01:23:55] [Server thread/INFO] (Minecraft) Player936 joined the game
[01:23:56] [Render thread/INFO] (Minecraft) Loaded 17 advancements
[01:25:01] [Server thread/INFO] (Minecraft) [Player936: Gave 1 [Smithing Template] to Player936]
[01:25:01] [Render thread/INFO] (Minecraft) [System] [CHAT] Gave 1 [Smithing Template] to Player936
[01:25:04] [Server thread/INFO] (Minecraft) Saving and pausing game...
[01:25:04] [Server thread/INFO] (Minecraft) Saving chunks for level 'ServerLevel[New World]'/minecraft:overworld
[01:25:04] [Server thread/INFO] (Minecraft) Saving chunks for level 'ServerLevel[New World]'/minecraft:the_end
[01:25:04] [Server thread/INFO] (Minecraft) Saving chunks for level 'ServerLevel[New World]'/minecraft:the_nether
[01:25:23] [Server thread/INFO] (Minecraft) Saving and pausing game...
[01:25:23] [Server thread/INFO] (Minecraft) Saving chunks for level 'ServerLevel[New World]'/minecraft:overworld
[01:25:23] [Server thread/INFO] (Minecraft) Saving chunks for level 'ServerLevel[New World]'/minecraft:the_end
[01:25:23] [Server thread/INFO] (Minecraft) Saving chunks for level 'ServerLevel[New World]'/minecraft:the_nether
[01:25:25] [Server thread/INFO] (Minecraft) Player936 lost connection: Disconnected
[01:25:25] [Server thread/INFO] (Minecraft) Player936 left the game
[01:25:25] [Server thread/INFO] (Minecraft) Stopping singleplayer server as player logged out
[01:25:25] [Server thread/INFO] (Minecraft) Stopping server
[01:25:25] [Server thread/INFO] (Minecraft) Saving players
[01:25:25] [Server thread/INFO] (Minecraft) Saving worlds
[01:25:26] [Server thread/INFO] (Minecraft) Saving chunks for level 'ServerLevel[New World]'/minecraft:overworld
[01:25:26] [Server thread/INFO] (Minecraft) Saving chunks for level 'ServerLevel[New World]'/minecraft:the_end
[01:25:26] [Server thread/INFO] (Minecraft) Saving chunks for level 'ServerLevel[New World]'/minecraft:the_nether
[01:25:26] [Server thread/INFO] (Minecraft) ThreadedAnvilChunkStorage (New World): All chunks are saved
[01:25:26] [Server thread/INFO] (Minecraft) ThreadedAnvilChunkStorage (DIM1): All chunks are saved
[01:25:26] [Server thread/INFO] (Minecraft) ThreadedAnvilChunkStorage (DIM-1): All chunks are saved
[01:25:26] [Server thread/INFO] (Minecraft) ThreadedAnvilChunkStorage: All dimensions are saved
[01:25:27] [Render thread/INFO] (Minecraft) Stopping!
